2016-01-10 13:06:55: == Rename Conflict Losing File is On, expect some weirdness in auto-resolving Vertical Conflicts
2016-01-10 13:06:55: -- Analysis Started by On File Change Incremental
2016-01-10 13:06:55: 左侧: State File has changed, so re-read it: E:/zahi/data/web/html/hungu_memo/memo/_gsdata_/_file_state_v4._gs
2016-01-10 13:06:55: 右侧: State File has changed, so re-read it: sftp://118.192.148.249:719/data/web/html/hungu_memo/memo/_gsdata_/_file_state_v4._gs
2016-01-10 13:06:55: 变更：72， 冲突：， 复制时间：， 复制状态：/， 错误： , All: 155
2016-01-10 13:06:55: Right to Left: Delete File: 72 
2016-01-10 13:06:55: == Sync Started by On File Change Incremental
2016-01-10 13:06:55: 删除文件 'E:/zahi/data/web/html/hungu_memo/memo/calendar (Conflicted copy from LAPTOP-S3IF6PO1 on 2016-01-10).sql'
2016-01-10 13:06:55: 删除文件 'E:/zahi/data/web/html/hungu_memo/memo/connect (Conflicted copy from LAPTOP-S3IF6PO1 on 2016-01-10).php'
2016-01-10 13:06:55: 删除文件 'E:/zahi/data/web/html/hungu_memo/memo/css/fancybox (Conflicted copy from LAPTOP-S3IF6PO1 on 2016-01-10).css'
2016-01-10 13:06:55: 删除文件 'E:/zahi/data/web/html/hungu_memo/memo/css/fullcalendar (Conflicted copy from LAPTOP-S3IF6PO1 on 2016-01-10).css'
2016-01-10 13:06:55: 删除文件 'E:/zahi/data/web/html/hungu_memo/memo/css/hb (Conflicted copy from LAPTOP-S3IF6PO1 on 2016-01-10).css'
2016-01-10 13:06:55: 删除文件 'E:/zahi/data/web/html/hungu_memo/memo/css/images/animated-overlay (Conflicted copy from LAPTOP-S3IF6PO1 on 2016-01-10).gif'
2016-01-10 13:06:55: 删除文件 'E:/zahi/data/web/html/hungu_memo/memo/css/images/blank (Conflicted copy from LAPTOP-S3IF6PO1 on 2016-01-10).gif'
2016-01-10 13:06:55: 删除文件 'E:/zahi/data/web/html/hungu_memo/memo/css/images/fancy_close (Conflicted copy from LAPTOP-S3IF6PO1 on 2016-01-10).png'
2016-01-10 13:06:55: 删除文件 'E:/zahi/data/web/html/hungu_memo/memo/css/images/fancy_loading (Conflicted copy from LAPTOP-S3IF6PO1 on 2016-01-10).png'
2016-01-10 13:06:55: 删除文件 'E:/zahi/data/web/html/hungu_memo/memo/css/images/fancy_nav_left (Conflicted copy from LAPTOP-S3IF6PO1 on 2016-01-10).png'
2016-01-10 13:06:55: 删除文件 'E:/zahi/data/web/html/hungu_memo/memo/css/images/fancy_nav_right (Conflicted copy from LAPTOP-S3IF6PO1 on 2016-01-10).png'
2016-01-10 13:06:55: 删除文件 'E:/zahi/data/web/html/hungu_memo/memo/css/images/fancy_shadow_e (Conflicted copy from LAPTOP-S3IF6PO1 on 2016-01-10).png'
2016-01-10 13:06:55: 删除文件 'E:/zahi/data/web/html/hungu_memo/memo/css/images/fancy_shadow_n (Conflicted copy from LAPTOP-S3IF6PO1 on 2016-01-10).png'
2016-01-10 13:06:55: 删除文件 'E:/zahi/data/web/html/hungu_memo/memo/css/images/fancy_shadow_ne (Conflicted copy from LAPTOP-S3IF6PO1 on 2016-01-10).png'
2016-01-10 13:06:55: 删除文件 'E:/zahi/data/web/html/hungu_memo/memo/css/images/fancy_shadow_nw (Conflicted copy from LAPTOP-S3IF6PO1 on 2016-01-10).png'
2016-01-10 13:06:55: 删除文件 'E:/zahi/data/web/html/hungu_memo/memo/css/images/fancy_shadow_s (Conflicted copy from LAPTOP-S3IF6PO1 on 2016-01-10).png'
2016-01-10 13:06:55: 删除文件 'E:/zahi/data/web/html/hungu_memo/memo/css/images/fancy_shadow_se (Conflicted copy from LAPTOP-S3IF6PO1 on 2016-01-10).png'
2016-01-10 13:06:55: 删除文件 'E:/zahi/data/web/html/hungu_memo/memo/css/images/fancy_shadow_sw (Conflicted copy from LAPTOP-S3IF6PO1 on 2016-01-10).png'
2016-01-10 13:06:55: 删除文件 'E:/zahi/data/web/html/hungu_memo/memo/css/images/fancy_shadow_w (Conflicted copy from LAPTOP-S3IF6PO1 on 2016-01-10).png'
2016-01-10 13:06:55: 删除文件 'E:/zahi/data/web/html/hungu_memo/memo/css/images/fancy_title_left (Conflicted copy from LAPTOP-S3IF6PO1 on 2016-01-10).png'
2016-01-10 13:06:55: 删除文件 'E:/zahi/data/web/html/hungu_memo/memo/css/images/fancy_title_main (Conflicted copy from LAPTOP-S3IF6PO1 on 2016-01-10).png'
2016-01-10 13:06:55: 删除文件 'E:/zahi/data/web/html/hungu_memo/memo/css/images/fancy_title_over (Conflicted copy from LAPTOP-S3IF6PO1 on 2016-01-10).png'
2016-01-10 13:06:55: 删除文件 'E:/zahi/data/web/html/hungu_memo/memo/css/images/fancy_title_right (Conflicted copy from LAPTOP-S3IF6PO1 on 2016-01-10).png'
2016-01-10 13:06:55: 删除文件 'E:/zahi/data/web/html/hungu_memo/memo/css/images/fancybox (Conflicted copy from LAPTOP-S3IF6PO1 on 2016-01-10).png'
2016-01-10 13:06:55: 删除文件 'E:/zahi/data/web/html/hungu_memo/memo/css/images/fancybox-x (Conflicted copy from LAPTOP-S3IF6PO1 on 2016-01-10).png'
2016-01-10 13:06:55: 删除文件 'E:/zahi/data/web/html/hungu_memo/memo/css/images/fancybox-y (Conflicted copy from LAPTOP-S3IF6PO1 on 2016-01-10).png'
2016-01-10 13:06:55: 删除文件 'E:/zahi/data/web/html/hungu_memo/memo/css/jquery-ui (Conflicted copy from LAPTOP-S3IF6PO1 on 2016-01-10).css'
2016-01-10 13:06:55: 删除文件 'E:/zahi/data/web/html/hungu_memo/memo/css/main (Conflicted copy from LAPTOP-S3IF6PO1 on 2016-01-10).css'
2016-01-10 13:06:55: 删除文件 'E:/zahi/data/web/html/hungu_memo/memo/do (Conflicted copy from LAPTOP-S3IF6PO1 on 2016-01-10).php'
2016-01-10 13:06:55: 删除文件 'E:/zahi/data/web/html/hungu_memo/memo/event (Conflicted copy from LAPTOP-S3IF6PO1 on 2016-01-10).php'
2016-01-10 13:06:55: 删除文件 'E:/zahi/data/web/html/hungu_memo/memo/img/d1 (Conflicted copy from LAPTOP-S3IF6PO1 on 2016-01-10).png'
2016-01-10 13:06:55: 删除文件 'E:/zahi/data/web/html/hungu_memo/memo/img/rjt (Conflicted copy from LAPTOP-S3IF6PO1 on 2016-01-10).png'
2016-01-10 13:06:55: 删除文件 'E:/zahi/data/web/html/hungu_memo/memo/img/scan_sc (Conflicted copy from LAPTOP-S3IF6PO1 on 2016-01-10).jpg'
2016-01-10 13:06:55: 删除文件 'E:/zahi/data/web/html/hungu_memo/memo/img/tip1 (Conflicted copy from LAPTOP-S3IF6PO1 on 2016-01-10).png'
2016-01-10 13:06:55: 删除文件 'E:/zahi/data/web/html/hungu_memo/memo/index (Conflicted copy from LAPTOP-S3IF6PO1 on 2016-01-10).php'
2016-01-10 13:06:55: 删除文件 'E:/zahi/data/web/html/hungu_memo/memo/js/fullcalendar.min (Conflicted copy from LAPTOP-S3IF6PO1 on 2016-01-10).js'
2016-01-10 13:06:55: 删除文件 'E:/zahi/data/web/html/hungu_memo/memo/js/jquery-1.9 (Conflicted copy from LAPTOP-S3IF6PO1 on 2016-01-10).js'
2016-01-10 13:06:55: 删除文件 'E:/zahi/data/web/html/hungu_memo/memo/js/jquery-ui (Conflicted copy from LAPTOP-S3IF6PO1 on 2016-01-10).js'
2016-01-10 13:06:55: 删除文件 'E:/zahi/data/web/html/hungu_memo/memo/js/jquery.fancybox-1.3.1.pack (Conflicted copy from LAPTOP-S3IF6PO1 on 2016-01-10).js'
2016-01-10 13:06:55: 删除文件 'E:/zahi/data/web/html/hungu_memo/memo/js/jquery.form.min (Conflicted copy from LAPTOP-S3IF6PO1 on 2016-01-10).js'
2016-01-10 13:06:55: 删除文件 'E:/zahi/data/web/html/hungu_memo/memo/json (Conflicted copy from LAPTOP-S3IF6PO1 on 2016-01-10).php'
2016-01-10 13:06:55: 删除文件 'E:/zahi/data/web/html/hungu_memo/memo/login (Conflicted copy from LAPTOP-S3IF6PO1 on 2016-01-10).html'
2016-01-10 13:06:55: 删除文件 'E:/zahi/data/web/html/hungu_memo/memo/login_yz (Conflicted copy from LAPTOP-S3IF6PO1 on 2016-01-10).php'
2016-01-10 13:06:55: 删除文件 'E:/zahi/data/web/html/hungu_memo/memo/memo (Conflicted copy from LAPTOP-S3IF6PO1 on 2016-01-10).php'
2016-01-10 13:06:55: 删除文件 'E:/zahi/data/web/html/hungu_memo/memo/update_day_memo (Conflicted copy from LAPTOP-S3IF6PO1 on 2016-01-10).php'
2016-01-10 13:06:55: 删除文件 'E:/zahi/data/web/html/hungu_memo/memo/wall (Conflicted copy from LAPTOP-S3IF6PO1 on 2016-01-10).php'
2016-01-10 13:06:55: 删除文件 'E:/zahi/data/web/html/hungu_memo/memo/wechat/4297f44b13955235245b2497399d7a93 (Conflicted copy from LAPTOP-S3IF6PO1 on 2016-01-10).xml'
2016-01-10 13:06:55: 删除文件 'E:/zahi/data/web/html/hungu_memo/memo/wechat/access_token (Conflicted copy from LAPTOP-S3IF6PO1 on 2016-01-10).php'
2016-01-10 13:06:55: 删除文件 'E:/zahi/data/web/html/hungu_memo/memo/wechat/AirQualityChina (Conflicted copy from LAPTOP-S3IF6PO1 on 2016-01-10).php'
2016-01-10 13:06:55: 删除文件 'E:/zahi/data/web/html/hungu_memo/memo/wechat/AirQualityChina (Conflicted copy from LAPTOP-S3IF6PO1 on 2016-01-10).txt'
2016-01-10 13:06:55: 删除文件 'E:/zahi/data/web/html/hungu_memo/memo/wechat/API (Conflicted copy from LAPTOP-S3IF6PO1 on 2016-01-10).php'
2016-01-10 13:06:55: 删除文件 'E:/zahi/data/web/html/hungu_memo/memo/wechat/auto_AirQualityChina (Conflicted copy from LAPTOP-S3IF6PO1 on 2016-01-10).php'
2016-01-10 13:06:55: 删除文件 'E:/zahi/data/web/html/hungu_memo/memo/wechat/auto_mass (Conflicted copy from LAPTOP-S3IF6PO1 on 2016-01-10).php'
2016-01-10 13:06:55: 删除文件 'E:/zahi/data/web/html/hungu_memo/memo/wechat/auto_send (Conflicted copy from LAPTOP-S3IF6PO1 on 2016-01-10).php'
2016-01-10 13:06:55: 删除文件 'E:/zahi/data/web/html/hungu_memo/memo/wechat/auto_send_memo (Conflicted copy from LAPTOP-S3IF6PO1 on 2016-01-10).php'
2016-01-10 13:06:55: 删除文件 'E:/zahi/data/web/html/hungu_memo/memo/wechat/conn (Conflicted copy from LAPTOP-S3IF6PO1 on 2016-01-10).php'
2016-01-10 13:06:55: 删除文件 'E:/zahi/data/web/html/hungu_memo/memo/wechat/http_request (Conflicted copy from LAPTOP-S3IF6PO1 on 2016-01-10).php'
2016-01-10 13:06:55: 删除文件 'E:/zahi/data/web/html/hungu_memo/memo/wechat/index (Conflicted copy from LAPTOP-S3IF6PO1 on 2016-01-10).php'
2016-01-10 13:06:55: 删除文件 'E:/zahi/data/web/html/hungu_memo/memo/wechat/mass_inform (Conflicted copy from LAPTOP-S3IF6PO1 on 2016-01-10).php'
2016-01-10 13:06:55: 删除文件 'E:/zahi/data/web/html/hungu_memo/memo/wechat/memo (Conflicted copy from LAPTOP-S3IF6PO1 on 2016-01-10).php'
2016-01-10 13:06:55: 删除文件 'E:/zahi/data/web/html/hungu_memo/memo/wechat/memo_day (Conflicted copy from LAPTOP-S3IF6PO1 on 2016-01-10).php'
2016-01-10 13:06:55: 删除文件 'E:/zahi/data/web/html/hungu_memo/memo/wechat/Menu (Conflicted copy from LAPTOP-S3IF6PO1 on 2016-01-10).php'
2016-01-10 13:06:55: 删除文件 'E:/zahi/data/web/html/hungu_memo/memo/wechat/msg_push (Conflicted copy from LAPTOP-S3IF6PO1 on 2016-01-10).php'
2016-01-10 13:06:55: 删除文件 'E:/zahi/data/web/html/hungu_memo/memo/wechat/phone (Conflicted copy from LAPTOP-S3IF6PO1 on 2016-01-10).php'
2016-01-10 13:06:55: 删除文件 'E:/zahi/data/web/html/hungu_memo/memo/wechat/send_msg (Conflicted copy from LAPTOP-S3IF6PO1 on 2016-01-10).php'
2016-01-10 13:06:55: 删除文件 'E:/zahi/data/web/html/hungu_memo/memo/wechat/template (Conflicted copy from LAPTOP-S3IF6PO1 on 2016-01-10).php'
2016-01-10 13:06:55: 删除文件 'E:/zahi/data/web/html/hungu_memo/memo/wechat/template_old (Conflicted copy from LAPTOP-S3IF6PO1 on 2016-01-10).php'
2016-01-10 13:06:55: 删除文件 'E:/zahi/data/web/html/hungu_memo/memo/wechat/test (Conflicted copy from LAPTOP-S3IF6PO1 on 2016-01-10).php'
2016-01-10 13:06:55: 删除文件 'E:/zahi/data/web/html/hungu_memo/memo/wechat/tutu_huikuan (Conflicted copy from LAPTOP-S3IF6PO1 on 2016-01-10).php'
2016-01-10 13:06:55: 删除文件 'E:/zahi/data/web/html/hungu_memo/memo/wechat/tutu_quyan (Conflicted copy from LAPTOP-S3IF6PO1 on 2016-01-10).php'
2016-01-10 13:06:55: 删除文件 'E:/zahi/data/web/html/hungu_memo/memo/wechat/wechat_deal (Conflicted copy from LAPTOP-S3IF6PO1 on 2016-01-10).php'
2016-01-10 13:06:55: 删除文件 'E:/zahi/data/web/html/hungu_memo/memo/wechat/空气质量API接口 (Conflicted copy from LAPTOP-S3IF6PO1 on 2016-01-10).php'
2016-01-10 13:06:55: ===== ：同步完毕。时间：00:00:00，速度： 0 字节/s =====, 项目同步未必： 72，错误： 
2016-01-10 13:06:56: -- Analysis Started by On File Change PostSync Re-Analyze
2016-01-10 13:06:56: 变更：， 冲突：， 复制时间：， 复制状态：/， 错误： , All: 155
2016-01-10 13:06:56: ----- ：分析已结束。 历时 00:00:01， 速度： 82 个文件/秒 -----
2016-01-10 13:06:56: 
