2016-01-10 12:59:29: == Rename Conflict Losing File is On, expect some weirdness in auto-resolving Vertical Conflicts
2016-01-10 12:59:29: -- Analysis Started by On File Change 1st Full Analyze
2016-01-10 12:59:29: 左侧: State file does not exist: E:/zahi/data/web/html/hungu_memo/memo/_gsdata_/_file_state_v4._gs
2016-01-10 12:59:29: /calendar.sql: 冲突: 新文件有变化
2016-01-10 12:59:29: /connect.php: 冲突: 新文件有变化
2016-01-10 12:59:29: /css/fancybox.css: 冲突: 新文件有变化
2016-01-10 12:59:29: /css/fullcalendar.css: 冲突: 新文件有变化
2016-01-10 12:59:29: /css/hb.css: 冲突: 新文件有变化
2016-01-10 12:59:29: /css/images/animated-overlay.gif: 冲突: 新文件有变化
2016-01-10 12:59:29: /css/images/blank.gif: 冲突: 新文件有变化
2016-01-10 12:59:29: /css/images/fancy_close.png: 冲突: 新文件有变化
2016-01-10 12:59:29: /css/images/fancy_loading.png: 冲突: 新文件有变化
2016-01-10 12:59:29: /css/images/fancy_nav_left.png: 冲突: 新文件有变化
2016-01-10 12:59:29: /css/images/fancy_nav_right.png: 冲突: 新文件有变化
2016-01-10 12:59:29: /css/images/fancy_shadow_e.png: 冲突: 新文件有变化
2016-01-10 12:59:29: /css/images/fancy_shadow_n.png: 冲突: 新文件有变化
2016-01-10 12:59:29: /css/images/fancy_shadow_ne.png: 冲突: 新文件有变化
2016-01-10 12:59:29: /css/images/fancy_shadow_nw.png: 冲突: 新文件有变化
2016-01-10 12:59:29: /css/images/fancy_shadow_s.png: 冲突: 新文件有变化
2016-01-10 12:59:29: /css/images/fancy_shadow_se.png: 冲突: 新文件有变化
2016-01-10 12:59:29: /css/images/fancy_shadow_sw.png: 冲突: 新文件有变化
2016-01-10 12:59:29: /css/images/fancy_shadow_w.png: 冲突: 新文件有变化
2016-01-10 12:59:29: /css/images/fancy_title_left.png: 冲突: 新文件有变化
2016-01-10 12:59:29: /css/images/fancy_title_main.png: 冲突: 新文件有变化
2016-01-10 12:59:29: /css/images/fancy_title_over.png: 冲突: 新文件有变化
2016-01-10 12:59:29: /css/images/fancy_title_right.png: 冲突: 新文件有变化
2016-01-10 12:59:29: /css/images/fancybox-x.png: 冲突: 新文件有变化
2016-01-10 12:59:29: /css/images/fancybox-y.png: 冲突: 新文件有变化
2016-01-10 12:59:29: /css/images/fancybox.png: 冲突: 新文件有变化
2016-01-10 12:59:29: /css/jquery-ui.css: 冲突: 新文件有变化
2016-01-10 12:59:29: /css/main.css: 冲突: 新文件有变化
2016-01-10 12:59:29: /do.php: 冲突: 新文件有变化
2016-01-10 12:59:29: /event.php: 冲突: 新文件有变化
2016-01-10 12:59:29: /img/d1.png: 冲突: 新文件有变化
2016-01-10 12:59:29: /img/rjt.png: 冲突: 新文件有变化
2016-01-10 12:59:29: /img/scan_sc.jpg: 冲突: 新文件有变化
2016-01-10 12:59:29: /img/tip1.png: 冲突: 新文件有变化
2016-01-10 12:59:29: /index.php: 冲突: 新文件有变化
2016-01-10 12:59:29: /js/fullcalendar.min.js: 冲突: 新文件有变化
2016-01-10 12:59:29: /js/jquery-1.9.js: 冲突: 新文件有变化
2016-01-10 12:59:29: /js/jquery-ui.js: 冲突: 新文件有变化
2016-01-10 12:59:29: /js/jquery.fancybox-1.3.1.pack.js: 冲突: 新文件有变化
2016-01-10 12:59:29: /js/jquery.form.min.js: 冲突: 新文件有变化
2016-01-10 12:59:29: /json.php: 冲突: 新文件有变化
2016-01-10 12:59:29: /login.html: 冲突: 新文件有变化
2016-01-10 12:59:29: /login_yz.php: 冲突: 新文件有变化
2016-01-10 12:59:29: /memo.php: 冲突: 新文件有变化
2016-01-10 12:59:29: /update_day_memo.php: 冲突: 新文件有变化
2016-01-10 12:59:29: /wall.php: 冲突: 新文件有变化
2016-01-10 12:59:29: /wechat/4297f44b13955235245b2497399d7a93.xml: 冲突: 新文件有变化
2016-01-10 12:59:29: /wechat/access_token.php: 冲突: 新文件有变化
2016-01-10 12:59:29: /wechat/AirQualityChina.php: 冲突: 新文件有变化
2016-01-10 12:59:29: /wechat/AirQualityChina.txt: 冲突: 新文件有变化
2016-01-10 12:59:29: /wechat/API.php: 冲突: 新文件有变化
2016-01-10 12:59:29: /wechat/auto_AirQualityChina.php: 冲突: 新文件有变化
2016-01-10 12:59:29: /wechat/auto_mass.php: 冲突: 新文件有变化
2016-01-10 12:59:29: /wechat/auto_send.php: 冲突: 新文件有变化
2016-01-10 12:59:29: /wechat/auto_send_memo.php: 冲突: 新文件有变化
2016-01-10 12:59:29: /wechat/conn.php: 冲突: 新文件有变化
2016-01-10 12:59:29: /wechat/http_request.php: 冲突: 新文件有变化
2016-01-10 12:59:29: /wechat/index.php: 冲突: 新文件有变化
2016-01-10 12:59:29: /wechat/mass_inform.php: 冲突: 新文件有变化
2016-01-10 12:59:29: /wechat/memo.php: 冲突: 新文件有变化
2016-01-10 12:59:29: /wechat/memo_day.php: 冲突: 新文件有变化
2016-01-10 12:59:29: /wechat/Menu.php: 冲突: 新文件有变化
2016-01-10 12:59:29: /wechat/msg_push.php: 冲突: 新文件有变化
2016-01-10 12:59:29: /wechat/phone.php: 冲突: 新文件有变化
2016-01-10 12:59:29: /wechat/send_msg.php: 冲突: 新文件有变化
2016-01-10 12:59:29: /wechat/template.php: 冲突: 新文件有变化
2016-01-10 12:59:29: /wechat/template_old.php: 冲突: 新文件有变化
2016-01-10 12:59:29: /wechat/test.php: 冲突: 新文件有变化
2016-01-10 12:59:29: /wechat/tutu_huikuan.php: 冲突: 新文件有变化
2016-01-10 12:59:29: /wechat/tutu_quyan.php: 冲突: 新文件有变化
2016-01-10 12:59:29: /wechat/wechat_deal.php: 冲突: 新文件有变化
2016-01-10 12:59:29: /wechat/空气质量API接口.php: 冲突: 新文件有变化
2016-01-10 12:59:29: 变更：74， 冲突：， 复制时间：， 复制状态：6/， 错误： , All: 82
2016-01-10 12:59:29: Left to Right: Copy File: 74 
2016-01-10 12:59:29: Right to Left: Copy State: 6 
2016-01-10 12:59:29: == Sync Started by On File Change 1st Full Analyze
2016-01-10 12:59:29: 91% (74 / 81) 个文件已更改，超过 50% 的限制。因此该任务将不再执行自动同步。
2016-01-10 12:59:29: 
